<?xml version="1.0" encoding="UTF-8"?>
<!-- Generated by org.testng.reporters.JUnitXMLReporter -->
<testsuite ignored="0" hostname="DESKTOP-6S6P4JK" failures="0" tests="10" name="Surefire test" time="21.366" errors="0" timestamp="2023-07-22T11:40:34 PKT">
  <testcase classname="api.test.DataDrivenTest" name="Testpostdata" time="5.618"/>
  <testcase classname="api.test.DataDrivenTest" name="Testpostdata" time="1.191"/>
  <testcase classname="api.test.DataDrivenTest" name="Testpostdata" time="1.235"/>
  <testcase classname="api.test.DataDrivenTest" name="TestDeleteByUserName" time="1.248"/>
  <testcase classname="api.test.DataDrivenTest" name="TestDeleteByUserName" time="1.214"/>
  <testcase classname="api.test.DataDrivenTest" name="TestDeleteByUserName" time="1.191"/>
  <testcase classname="api.test.UserTest" name="Testpostdata" time="1.171"/>
  <testcase classname="api.test.UserTest" name="TestGetUserByName" time="1.18"/>
  <testcase classname="api.test.UserTest" name="TestUpdateUserByName" time="2.381"/>
  <testcase classname="api.test.UserTest" name="TestDeleteUserByName" time="1.216"/>
</testsuite> <!-- Surefire test -->
