<?xml version="1.0" encoding="UTF-8"?>
<!-- Generated by org.testng.reporters.JUnitXMLReporter -->
<testsuite ignored="0" hostname="DESKTOP-6S6P4JK" failures="0" tests="10" name="Surefire test" time="21.408" errors="0" timestamp="2023-07-22T11:57:21 PKT">
  <testcase classname="api.test.DataDrivenTest" name="Testpostdata" time="5.228"/>
  <testcase classname="api.test.DataDrivenTest" name="Testpostdata" time="1.37"/>
  <testcase classname="api.test.DataDrivenTest" name="Testpostdata" time="1.22"/>
  <testcase classname="api.test.DataDrivenTest" name="TestDeleteByUserName" time="1.21"/>
  <testcase classname="api.test.DataDrivenTest" name="TestDeleteByUserName" time="1.168"/>
  <testcase classname="api.test.DataDrivenTest" name="TestDeleteByUserName" time="1.22"/>
  <testcase classname="api.test.UserTest" name="Testpostdata" time="1.223"/>
  <testcase classname="api.test.UserTest" name="TestGetUserByName" time="1.179"/>
  <testcase classname="api.test.UserTest" name="TestUpdateUserByName" time="2.312"/>
  <testcase classname="api.test.UserTest" name="TestDeleteUserByName" time="1.186"/>
</testsuite> <!-- Surefire test -->
