<?xml version="1.0" encoding="UTF-8"?>
<!-- Generated by org.testng.reporters.JUnitXMLReporter -->
<testsuite ignored="0" hostname="DESKTOP-6S6P4JK" failures="0" tests="6" name="Default test" time="15.301" errors="0" timestamp="2023-07-20T01:17:53 PKT">
  <testcase classname="api.test.DataDrivenTest" name="Testpostdata" time="5.465"/>
  <testcase classname="api.test.DataDrivenTest" name="Testpostdata" time="1.227"/>
  <testcase classname="api.test.DataDrivenTest" name="Testpostdata" time="1.179"/>
  <testcase classname="api.test.DataDrivenTest" name="TestDeleteByUserName" time="1.211"/>
  <testcase classname="api.test.DataDrivenTest" name="TestDeleteByUserName" time="1.178"/>
  <testcase classname="api.test.DataDrivenTest" name="TestDeleteByUserName" time="1.202"/>
</testsuite> <!-- Default test -->
