<?xml version="1.0" encoding="UTF-8"?>
<testng-results ignored="0" total="10" passed="10" failed="0" skipped="0">
  <reporter-output>
  </reporter-output>
  <suite started-at="2023-07-22T12:11:26 PKT" name="Surefire suite" finished-at="2023-07-22T12:11:47 PKT" duration-ms="21099">
    <groups>
    </groups>
    <test started-at="2023-07-22T12:11:26 PKT" name="Surefire test" finished-at="2023-07-22T12:11:47 PKT" duration-ms="21099">
      <class name="api.test.UserTest">
        <test-method is-config="true" signature="SetUp()[pri:0, instance:api.test.UserTest@b62d79]" started-at="2023-07-22T12:11:41 PKT" name="SetUp" finished-at="2023-07-22T12:11:41 PKT" duration-ms="381" status="PASS">
          <reporter-output>
          </reporter-output>
        </test-method> <!-- SetUp -->
        <test-method signature="Testpostdata()[pri:1, instance:api.test.UserTest@b62d79]" started-at="2023-07-22T12:11:41 PKT" name="Testpostdata" finished-at="2023-07-22T12:11:42 PKT" duration-ms="1113" status="PASS">
          <reporter-output>
          </reporter-output>
        </test-method> <!-- Testpostdata -->
        <test-method signature="TestGetUserByName()[pri:2, instance:api.test.UserTest@b62d79]" started-at="2023-07-22T12:11:42 PKT" name="TestGetUserByName" finished-at="2023-07-22T12:11:44 PKT" duration-ms="1174" status="PASS">
          <reporter-output>
          </reporter-output>
        </test-method> <!-- TestGetUserByName -->
        <test-method signature="TestUpdateUserByName()[pri:3, instance:api.test.UserTest@b62d79]" started-at="2023-07-22T12:11:44 PKT" name="TestUpdateUserByName" finished-at="2023-07-22T12:11:46 PKT" duration-ms="2400" status="PASS">
          <reporter-output>
          </reporter-output>
        </test-method> <!-- TestUpdateUserByName -->
        <test-method signature="TestDeleteUserByName()[pri:4, instance:api.test.UserTest@b62d79]" started-at="2023-07-22T12:11:46 PKT" name="TestDeleteUserByName" finished-at="2023-07-22T12:11:47 PKT" duration-ms="1150" status="PASS">
          <reporter-output>
          </reporter-output>
        </test-method> <!-- TestDeleteUserByName -->
      </class> <!-- api.test.UserTest -->
      <class name="api.test.DataDrivenTest">
        <test-method signature="Testpostdata(java.lang.String,java.lang.String,java.lang.String,java.lang.String,java.lang.String,java.lang.String,java.lang.String)[pri:1, instance:api.test.DataDrivenTest@3315d2d7]" started-at="2023-07-22T12:11:29 PKT" name="Testpostdata" data-provider="Data" finished-at="2023-07-22T12:11:35 PKT" duration-ms="5665" status="PASS">
          <params>
            <param index="0">
              <value>
                <![CDATA[1010]]>
              </value>
            </param>
            <param index="1">
              <value>
                <![CDATA[testuser1]]>
              </value>
            </param>
            <param index="2">
              <value>
                <![CDATA[John]]>
              </value>
            </param>
            <param index="3">
              <value>
                <![CDATA[Canedy]]>
              </value>
            </param>
            <param index="4">
              <value>
                <![CDATA[a@gmail.com]]>
              </value>
            </param>
            <param index="5">
              <value>
                <![CDATA[Test@1]]>
              </value>
            </param>
            <param index="6">
              <value>
                <![CDATA[123456]]>
              </value>
            </param>
          </params>
          <reporter-output>
          </reporter-output>
        </test-method> <!-- Testpostdata -->
        <test-method signature="Testpostdata(java.lang.String,java.lang.String,java.lang.String,java.lang.String,java.lang.String,java.lang.String,java.lang.String)[pri:1, instance:api.test.DataDrivenTest@3315d2d7]" started-at="2023-07-22T12:11:35 PKT" name="Testpostdata" data-provider="Data" finished-at="2023-07-22T12:11:36 PKT" duration-ms="1225" status="PASS">
          <params>
            <param index="0">
              <value>
                <![CDATA[1020]]>
              </value>
            </param>
            <param index="1">
              <value>
                <![CDATA[testuser2]]>
              </value>
            </param>
            <param index="2">
              <value>
                <![CDATA[Tim]]>
              </value>
            </param>
            <param index="3">
              <value>
                <![CDATA[Horton]]>
              </value>
            </param>
            <param index="4">
              <value>
                <![CDATA[b@gmail.com]]>
              </value>
            </param>
            <param index="5">
              <value>
                <![CDATA[Test@2]]>
              </value>
            </param>
            <param index="6">
              <value>
                <![CDATA[456897]]>
              </value>
            </param>
          </params>
          <reporter-output>
          </reporter-output>
        </test-method> <!-- Testpostdata -->
        <test-method signature="Testpostdata(java.lang.String,java.lang.String,java.lang.String,java.lang.String,java.lang.String,java.lang.String,java.lang.String)[pri:1, instance:api.test.DataDrivenTest@3315d2d7]" started-at="2023-07-22T12:11:36 PKT" name="Testpostdata" data-provider="Data" finished-at="2023-07-22T12:11:37 PKT" duration-ms="1187" status="PASS">
          <params>
            <param index="0">
              <value>
                <![CDATA[1030]]>
              </value>
            </param>
            <param index="1">
              <value>
                <![CDATA[testuser3]]>
              </value>
            </param>
            <param index="2">
              <value>
                <![CDATA[Steve]]>
              </value>
            </param>
            <param index="3">
              <value>
                <![CDATA[Smith]]>
              </value>
            </param>
            <param index="4">
              <value>
                <![CDATA[c@gmail.com]]>
              </value>
            </param>
            <param index="5">
              <value>
                <![CDATA[Test@3]]>
              </value>
            </param>
            <param index="6">
              <value>
                <![CDATA[954625]]>
              </value>
            </param>
          </params>
          <reporter-output>
          </reporter-output>
        </test-method> <!-- Testpostdata -->
        <test-method signature="TestDeleteByUserName(java.lang.String)[pri:2, instance:api.test.DataDrivenTest@3315d2d7]" started-at="2023-07-22T12:11:37 PKT" name="TestDeleteByUserName" data-provider="UserNames" finished-at="2023-07-22T12:11:39 PKT" duration-ms="1210" status="PASS">
          <params>
            <param index="0">
              <value>
                <![CDATA[testuser1]]>
              </value>
            </param>
          </params>
          <reporter-output>
          </reporter-output>
        </test-method> <!-- TestDeleteByUserName -->
        <test-method signature="TestDeleteByUserName(java.lang.String)[pri:2, instance:api.test.DataDrivenTest@3315d2d7]" started-at="2023-07-22T12:11:39 PKT" name="TestDeleteByUserName" data-provider="UserNames" finished-at="2023-07-22T12:11:40 PKT" duration-ms="1150" status="PASS">
          <params>
            <param index="0">
              <value>
                <![CDATA[testuser2]]>
              </value>
            </param>
          </params>
          <reporter-output>
          </reporter-output>
        </test-method> <!-- TestDeleteByUserName -->
        <test-method signature="TestDeleteByUserName(java.lang.String)[pri:2, instance:api.test.DataDrivenTest@3315d2d7]" started-at="2023-07-22T12:11:40 PKT" name="TestDeleteByUserName" data-provider="UserNames" finished-at="2023-07-22T12:11:41 PKT" duration-ms="1193" status="PASS">
          <params>
            <param index="0">
              <value>
                <![CDATA[testuser3]]>
              </value>
            </param>
          </params>
          <reporter-output>
          </reporter-output>
        </test-method> <!-- TestDeleteByUserName -->
      </class> <!-- api.test.DataDrivenTest -->
    </test> <!-- Surefire test -->
  </suite> <!-- Surefire suite -->
</testng-results>
