<?xml version="1.0" encoding="UTF-8"?>
<testng-results ignored="0" total="10" passed="10" failed="0" skipped="0">
  <reporter-output>
  </reporter-output>
  <suite started-at="2023-07-22T11:40:13 PKT" name="Surefire suite" finished-at="2023-07-22T11:40:34 PKT" duration-ms="21366">
    <groups>
    </groups>
    <test started-at="2023-07-22T11:40:13 PKT" name="Surefire test" finished-at="2023-07-22T11:40:34 PKT" duration-ms="21366">
      <class name="api.test.UserTest">
        <test-method is-config="true" signature="SetUp()[pri:0, instance:api.test.UserTest@2accdbb5]" started-at="2023-07-22T11:40:28 PKT" name="SetUp" finished-at="2023-07-22T11:40:28 PKT" duration-ms="362" status="PASS">
          <reporter-output>
          </reporter-output>
        </test-method> <!-- SetUp -->
        <test-method signature="Testpostdata()[pri:1, instance:api.test.UserTest@2accdbb5]" started-at="2023-07-22T11:40:28 PKT" name="Testpostdata" finished-at="2023-07-22T11:40:29 PKT" duration-ms="1171" status="PASS">
          <reporter-output>
          </reporter-output>
        </test-method> <!-- Testpostdata -->
        <test-method signature="TestGetUserByName()[pri:2, instance:api.test.UserTest@2accdbb5]" started-at="2023-07-22T11:40:29 PKT" name="TestGetUserByName" finished-at="2023-07-22T11:40:30 PKT" duration-ms="1180" status="PASS">
          <reporter-output>
          </reporter-output>
        </test-method> <!-- TestGetUserByName -->
        <test-method signature="TestUpdateUserByName()[pri:3, instance:api.test.UserTest@2accdbb5]" started-at="2023-07-22T11:40:30 PKT" name="TestUpdateUserByName" finished-at="2023-07-22T11:40:33 PKT" duration-ms="2381" status="PASS">
          <reporter-output>
          </reporter-output>
        </test-method> <!-- TestUpdateUserByName -->
        <test-method signature="TestDeleteUserByName()[pri:4, instance:api.test.UserTest@2accdbb5]" started-at="2023-07-22T11:40:33 PKT" name="TestDeleteUserByName" finished-at="2023-07-22T11:40:34 PKT" duration-ms="1216" status="PASS">
          <reporter-output>
          </reporter-output>
        </test-method> <!-- TestDeleteUserByName -->
      </class> <!-- api.test.UserTest -->
      <class name="api.test.DataDrivenTest">
        <test-method signature="Testpostdata(java.lang.String,java.lang.String,java.lang.String,java.lang.String,java.lang.String,java.lang.String,java.lang.String)[pri:1, instance:api.test.DataDrivenTest@2892dae4]" started-at="2023-07-22T11:40:16 PKT" name="Testpostdata" data-provider="Data" finished-at="2023-07-22T11:40:21 PKT" duration-ms="5618" status="PASS">
          <params>
            <param index="0">
              <value>
                <![CDATA[1010]]>
              </value>
            </param>
            <param index="1">
              <value>
                <![CDATA[testuser1]]>
              </value>
            </param>
            <param index="2">
              <value>
                <![CDATA[John]]>
              </value>
            </param>
            <param index="3">
              <value>
                <![CDATA[Canedy]]>
              </value>
            </param>
            <param index="4">
              <value>
                <![CDATA[a@gmail.com]]>
              </value>
            </param>
            <param index="5">
              <value>
                <![CDATA[Test@1]]>
              </value>
            </param>
            <param index="6">
              <value>
                <![CDATA[123456]]>
              </value>
            </param>
          </params>
          <reporter-output>
          </reporter-output>
        </test-method> <!-- Testpostdata -->
        <test-method signature="Testpostdata(java.lang.String,java.lang.String,java.lang.String,java.lang.String,java.lang.String,java.lang.String,java.lang.String)[pri:1, instance:api.test.DataDrivenTest@2892dae4]" started-at="2023-07-22T11:40:21 PKT" name="Testpostdata" data-provider="Data" finished-at="2023-07-22T11:40:22 PKT" duration-ms="1191" status="PASS">
          <params>
            <param index="0">
              <value>
                <![CDATA[1020]]>
              </value>
            </param>
            <param index="1">
              <value>
                <![CDATA[testuser2]]>
              </value>
            </param>
            <param index="2">
              <value>
                <![CDATA[Tim]]>
              </value>
            </param>
            <param index="3">
              <value>
                <![CDATA[Horton]]>
              </value>
            </param>
            <param index="4">
              <value>
                <![CDATA[b@gmail.com]]>
              </value>
            </param>
            <param index="5">
              <value>
                <![CDATA[Test@2]]>
              </value>
            </param>
            <param index="6">
              <value>
                <![CDATA[456897]]>
              </value>
            </param>
          </params>
          <reporter-output>
          </reporter-output>
        </test-method> <!-- Testpostdata -->
        <test-method signature="Testpostdata(java.lang.String,java.lang.String,java.lang.String,java.lang.String,java.lang.String,java.lang.String,java.lang.String)[pri:1, instance:api.test.DataDrivenTest@2892dae4]" started-at="2023-07-22T11:40:22 PKT" name="Testpostdata" data-provider="Data" finished-at="2023-07-22T11:40:24 PKT" duration-ms="1235" status="PASS">
          <params>
            <param index="0">
              <value>
                <![CDATA[1030]]>
              </value>
            </param>
            <param index="1">
              <value>
                <![CDATA[testuser3]]>
              </value>
            </param>
            <param index="2">
              <value>
                <![CDATA[Steve]]>
              </value>
            </param>
            <param index="3">
              <value>
                <![CDATA[Smith]]>
              </value>
            </param>
            <param index="4">
              <value>
                <![CDATA[c@gmail.com]]>
              </value>
            </param>
            <param index="5">
              <value>
                <![CDATA[Test@3]]>
              </value>
            </param>
            <param index="6">
              <value>
                <![CDATA[954625]]>
              </value>
            </param>
          </params>
          <reporter-output>
          </reporter-output>
        </test-method> <!-- Testpostdata -->
        <test-method signature="TestDeleteByUserName(java.lang.String)[pri:2, instance:api.test.DataDrivenTest@2892dae4]" started-at="2023-07-22T11:40:24 PKT" name="TestDeleteByUserName" data-provider="UserNames" finished-at="2023-07-22T11:40:25 PKT" duration-ms="1248" status="PASS">
          <params>
            <param index="0">
              <value>
                <![CDATA[testuser1]]>
              </value>
            </param>
          </params>
          <reporter-output>
          </reporter-output>
        </test-method> <!-- TestDeleteByUserName -->
        <test-method signature="TestDeleteByUserName(java.lang.String)[pri:2, instance:api.test.DataDrivenTest@2892dae4]" started-at="2023-07-22T11:40:25 PKT" name="TestDeleteByUserName" data-provider="UserNames" finished-at="2023-07-22T11:40:26 PKT" duration-ms="1214" status="PASS">
          <params>
            <param index="0">
              <value>
                <![CDATA[testuser2]]>
              </value>
            </param>
          </params>
          <reporter-output>
          </reporter-output>
        </test-method> <!-- TestDeleteByUserName -->
        <test-method signature="TestDeleteByUserName(java.lang.String)[pri:2, instance:api.test.DataDrivenTest@2892dae4]" started-at="2023-07-22T11:40:26 PKT" name="TestDeleteByUserName" data-provider="UserNames" finished-at="2023-07-22T11:40:28 PKT" duration-ms="1191" status="PASS">
          <params>
            <param index="0">
              <value>
                <![CDATA[testuser3]]>
              </value>
            </param>
          </params>
          <reporter-output>
          </reporter-output>
        </test-method> <!-- TestDeleteByUserName -->
      </class> <!-- api.test.DataDrivenTest -->
    </test> <!-- Surefire test -->
  </suite> <!-- Surefire suite -->
</testng-results>
