<?xml version="1.0" encoding="UTF-8"?>
<testng-results ignored="0" total="4" passed="4" failed="0" skipped="0">
  <reporter-output>
  </reporter-output>
  <suite started-at="2023-07-20T17:03:38 PKT" name="PetSuite" finished-at="2023-07-20T17:03:50 PKT" duration-ms="12340">
    <groups>
    </groups>
    <test started-at="2023-07-20T17:03:38 PKT" name="PetTests" finished-at="2023-07-20T17:03:50 PKT" duration-ms="12340">
      <class name="api.test.UserTest">
        <test-method is-config="true" signature="SetUp()[pri:0, instance:api.test.UserTest@65c7a252]" started-at="2023-07-20T17:03:39 PKT" name="SetUp" finished-at="2023-07-20T17:03:40 PKT" duration-ms="583" status="PASS">
          <reporter-output>
          </reporter-output>
        </test-method> <!-- SetUp -->
        <test-method signature="Testpostdata()[pri:1, instance:api.test.UserTest@65c7a252]" started-at="2023-07-20T17:03:40 PKT" name="Testpostdata" finished-at="2023-07-20T17:03:45 PKT" duration-ms="5541" status="PASS">
          <reporter-output>
          </reporter-output>
        </test-method> <!-- Testpostdata -->
        <test-method signature="TestGetUserByName()[pri:2, instance:api.test.UserTest@65c7a252]" started-at="2023-07-20T17:03:45 PKT" name="TestGetUserByName" finished-at="2023-07-20T17:03:47 PKT" duration-ms="1427" status="PASS">
          <reporter-output>
          </reporter-output>
        </test-method> <!-- TestGetUserByName -->
        <test-method signature="TestUpdateUserByName()[pri:3, instance:api.test.UserTest@65c7a252]" started-at="2023-07-20T17:03:47 PKT" name="TestUpdateUserByName" finished-at="2023-07-20T17:03:49 PKT" duration-ms="2459" status="PASS">
          <reporter-output>
          </reporter-output>
        </test-method> <!-- TestUpdateUserByName -->
        <test-method signature="TestDeleteUserByName()[pri:4, instance:api.test.UserTest@65c7a252]" started-at="2023-07-20T17:03:49 PKT" name="TestDeleteUserByName" finished-at="2023-07-20T17:03:50 PKT" duration-ms="1168" status="PASS">
          <reporter-output>
          </reporter-output>
        </test-method> <!-- TestDeleteUserByName -->
      </class> <!-- api.test.UserTest -->
    </test> <!-- PetTests -->
  </suite> <!-- PetSuite -->
</testng-results>
