<?xml version="1.0" encoding="UTF-8"?>
<!-- Generated by org.testng.reporters.JUnitXMLReporter -->
<testsuite ignored="0" hostname="DESKTOP-6S6P4JK" failures="0" tests="4" name="PetTests" time="11.302" errors="0" timestamp="2023-07-21T10:35:45 PKT">
  <testcase classname="api.test.UserTest" name="Testpostdata" time="5.441"/>
  <testcase classname="api.test.UserTest" name="TestGetUserByName" time="1.245"/>
  <testcase classname="api.test.UserTest" name="TestUpdateUserByName" time="2.333"/>
  <testcase classname="api.test.UserTest" name="TestDeleteUserByName" time="1.227"/>
</testsuite> <!-- PetTests -->
