<?xml version="1.0" encoding="UTF-8"?>
<!-- Generated by org.testng.reporters.JUnitXMLReporter -->
<testsuite ignored="0" hostname="DESKTOP-6S6P4JK" failures="0" tests="4" name="PetTests" time="13.841" errors="0" timestamp="2023-07-22T11:32:20 PKT">
  <testcase classname="api.test.UserTest" name="Testpostdata" time="7.138"/>
  <testcase classname="api.test.UserTest" name="TestGetUserByName" time="1.46"/>
  <testcase classname="api.test.UserTest" name="TestUpdateUserByName" time="2.505"/>
  <testcase classname="api.test.UserTest" name="TestDeleteUserByName" time="1.22"/>
</testsuite> <!-- PetTests -->
