<?xml version="1.0" encoding="UTF-8"?>
<!-- Generated by org.testng.reporters.JUnitXMLReporter -->
<testsuite ignored="0" hostname="DESKTOP-6S6P4JK" failures="0" tests="4" name="PetTests" time="12.34" errors="0" timestamp="2023-07-20T17:03:51 PKT">
  <testcase classname="api.test.UserTest" name="Testpostdata" time="5.541"/>
  <testcase classname="api.test.UserTest" name="TestGetUserByName" time="1.427"/>
  <testcase classname="api.test.UserTest" name="TestUpdateUserByName" time="2.459"/>
  <testcase classname="api.test.UserTest" name="TestDeleteUserByName" time="1.168"/>
</testsuite> <!-- PetTests -->
